<?xml version="1.0" encoding="UTF-8"?>
<testsuite name="com.bridgelabz.EmpPayrollServiceTest" tests="2" skipped="0" failures="0" errors="0" timestamp="2021-08-07T10:46:33" hostname="LAPTOP-EJ5FUF38" time="0.074">
  <properties/>
  <testcase name="listFilesAndDirectories_shouldReturnFilesCount_whenPathIsProvided" classname="com.bridgelabz.EmpPayrollServiceTest" time="0.017"/>
  <testcase name="givenPathWhenCheckedThenConfirm" classname="com.bridgelabz.EmpPayrollServiceTest" time="0.056"/>
  <system-out><![CDATA[D:\BridgeLabs Training\demo\temp1.txt.txt
D:\BridgeLabs Training\demo\temp2.txt.txt
D:\BridgeLabs Training\demo\temp3.txt.txt
]]></system-out>
  <system-err><![CDATA[]]></system-err>
</testsuite>
