<?xml version="1.0" encoding="UTF-8"?>
<testsuite name="com.bridgelabz.EmpPayrollServiceTest" tests="1" skipped="0" failures="0" errors="0" timestamp="2021-08-07T19:43:45" hostname="LAPTOP-EJ5FUF38" time="0.047">
  <properties/>
  <testcase name="givenPathWhenCheckedThenConfirm" classname="com.bridgelabz.EmpPayrollServiceTest" time="0.047"/>
  <system-out><![CDATA[]]></system-out>
  <system-err><![CDATA[]]></system-err>
</testsuite>
